<?xml version="1.0" encoding="UTF-8" ?>
<testsuite failures="0" time="1.844" errors="1" skipped="0" tests="1" name="TestUser">
  <properties>
[...]
</properties>
  <testcase time="1.844" classname="TestUser" name="test01">
    <error message="Error creating bean with name &apos;brandServiceImpl&apos; defined in file [D:\Program Files (x86)\JetBrains\IdeaProjects\ParallerCar\target\classes\com\service\impl\BrandServiceImpl.class]: Initialization of bean failed; nested exception is org.springframework.beans.factory.BeanCreationException: Error creating bean with name &apos;txAdvice&apos;: Cannot resolve reference to bean &apos;transactionManager&apos; while setting bean property &apos;transactionManager&apos;; nested exception is org.springframework.beans.factory.BeanCreationException: Error creating bean with name &apos;transactionManager&apos; defined in class path resource [applicationContext.xml]: Cannot resolve reference to bean &apos;sessionFactory&apos; while setting bean property &apos;sessionFactory&apos;; nested exception is org.springframework.beans.factory.BeanCreationException: Error creating bean with name &apos;sessionFactory&apos; defined in class path resource [applicationContext.xml]: Invocation of init method failed; nested exception is java.lang.NoSuchMethodError: javax.persistence.JoinColumn.foreignKey()Ljavax/persistence/ForeignKey;" type="org.springframework.beans.factory.BeanCreationException">org.springframework.beans.factory.BeanCreationException: Error creating bean with name &apos;brandServiceImpl&apos; defined in file [D:\Program Files (x86)\JetBrains\IdeaProjects\ParallerCar\target\classes\com\service\impl\BrandServiceImpl.class]: Initialization of bean failed; nested exception is org.springframework.beans.factory.BeanCreationException: Error creating bean with name &apos;txAdvice&apos;: Cannot resolve reference to bean &apos;transactionManager&apos; while setting bean property &apos;transactionManager&apos;; nested exception is org.springframework.beans.factory.BeanCreationException: Error creating bean with name &apos;transactionManager&apos; defined in class path resource [applicationContext.xml]: Cannot resolve reference to bean &apos;sessionFactory&apos; while setting bean property &apos;sessionFactory&apos;; nested exception is org.springframework.beans.factory.BeanCreationException: Error creating bean with name &apos;sessionFactory&apos; defined in class path resource [applicationContext.xml]: Invocation of init method failed; nested exception is java.lang.NoSuchMethodError: javax.persistence.JoinColumn.foreignKey()Ljavax/persistence/ForeignKey;
	at org.springframework.beans.factory.support.AbstractAutowireCapableBeanFactory.doCreateBean(AbstractAutowireCapableBeanFactory.java:553)
	at org.springframework.beans.factory.support.AbstractAutowireCapableBeanFactory.createBean(AbstractAutowireCapableBeanFactory.java:482)
	at org.springframework.beans.factory.support.AbstractBeanFactory$1.getObject(AbstractBeanFactory.java:306)
	at org.springframework.beans.factory.support.DefaultSingletonBeanRegistry.getSingleton(DefaultSingletonBeanRegistry.java:230)
	at org.springframework.beans.factory.support.AbstractBeanFactory.doGetBean(AbstractBeanFactory.java:302)
	at org.springframework.beans.factory.support.AbstractBeanFactory.getBean(AbstractBeanFactory.java:197)
	at org.springframework.beans.factory.support.DefaultListableBeanFactory.preInstantiateSingletons(DefaultListableBeanFactory.java:751)
	at org.springframework.context.support.AbstractApplicationContext.finishBeanFactoryInitialization(AbstractApplicationContext.java:861)
	at org.springframework.context.support.AbstractApplicationContext.refresh(AbstractApplicationContext.java:541)
	at org.springframework.context.support.ClassPathXmlApplicationContext.&lt;init&gt;(ClassPathXmlApplicationContext.java:139)
	at org.springframework.context.support.ClassPathXmlApplicationContext.&lt;init&gt;(ClassPathXmlApplicationContext.java:83)
	at TestUser.before(TestUser.java:20)
	at sun.reflect.NativeMethodAccessorImpl.invoke0(Native Method)
	at sun.reflect.NativeMethodAccessorImpl.invoke(NativeMethodAccessorImpl.java:57)
	at sun.reflect.DelegatingMethodAccessorImpl.invoke(DelegatingMethodAccessorImpl.java:43)
	at java.lang.reflect.Method.invoke(Method.java:601)
	at org.junit.runners.model.FrameworkMethod$1.runReflectiveCall(FrameworkMethod.java:50)
	at org.junit.internal.runners.model.ReflectiveCallable.run(ReflectiveCallable.java:12)
	at org.junit.runners.model.FrameworkMethod.invokeExplosively(FrameworkMethod.java:47)
	at org.junit.internal.runners.statements.RunBefores.evaluate(RunBefores.java:24)
	at org.junit.runners.ParentRunner.runLeaf(ParentRunner.java:325)
	at org.junit.runners.BlockJUnit4ClassRunner.runChild(BlockJUnit4ClassRunner.java:78)
	at org.junit.runners.BlockJUnit4ClassRunner.runChild(BlockJUnit4ClassRunner.java:57)
	at org.junit.runners.ParentRunner$3.run(ParentRunner.java:290)
	at org.junit.runners.ParentRunner$1.schedule(ParentRunner.java:71)
	at org.junit.runners.ParentRunner.runChildren(ParentRunner.java:288)
	at org.junit.runners.ParentRunner.access$000(ParentRunner.java:58)
	at org.junit.runners.ParentRunner$2.evaluate(ParentRunner.java:268)
	at org.junit.runners.ParentRunner.run(ParentRunner.java:363)
	at org.apache.maven.surefire.junit4.JUnit4Provider.execute(JUnit4Provider.java:252)
	at org.apache.maven.surefire.junit4.JUnit4Provider.executeTestSet(JUnit4Provider.java:141)
	at org.apache.maven.surefire.junit4.JUnit4Provider.invoke(JUnit4Provider.java:112)
	at sun.reflect.NativeMethodAccessorImpl.invoke0(Native Method)
	at sun.reflect.NativeMethodAccessorImpl.invoke(NativeMethodAccessorImpl.java:57)
	at sun.reflect.DelegatingMethodAccessorImpl.invoke(DelegatingMethodAccessorImpl.java:43)
	at java.lang.reflect.Method.invoke(Method.java:601)
	at org.apache.maven.surefire.util.ReflectionUtils.invokeMethodWithArray(ReflectionUtils.java:189)
	at org.apache.maven.surefire.booter.ProviderFactory$ProviderProxy.invoke(ProviderFactory.java:165)
	at org.apache.maven.surefire.booter.ProviderFactory.invokeProvider(ProviderFactory.java:85)
	at org.apache.maven.surefire.booter.ForkedBooter.runSuitesInProcess(ForkedBooter.java:115)
	at org.apache.maven.surefire.booter.ForkedBooter.main(ForkedBooter.java:75)
Caused by: org.springframework.beans.factory.BeanCreationException: Error creating bean with name &apos;txAdvice&apos;: Cannot resolve reference to bean &apos;transactionManager&apos; while setting bean property &apos;transactionManager&apos;; nested exception is org.springframework.beans.factory.BeanCreationException: Error creating bean with name &apos;transactionManager&apos; defined in class path resource [applicationContext.xml]: Cannot resolve reference to bean &apos;sessionFactory&apos; while setting bean property &apos;sessionFactory&apos;; nested exception is org.springframework.beans.factory.BeanCreationException: Error creating bean with name &apos;sessionFactory&apos; defined in class path resource [applicationContext.xml]: Invocation of init method failed; nested exception is java.lang.NoSuchMethodError: javax.persistence.JoinColumn.foreignKey()Ljavax/persistence/ForeignKey;
	at org.springframework.beans.factory.support.BeanDefinitionValueResolver.resolveReference(BeanDefinitionValueResolver.java:359)
	at org.springframework.beans.factory.support.BeanDefinitionValueResolver.resolveValueIfNecessary(BeanDefinitionValueResolver.java:108)
	at org.springframework.beans.factory.support.AbstractAutowireCapableBeanFactory.applyPropertyValues(AbstractAutowireCapableBeanFactory.java:1486)
	at org.springframework.beans.factory.support.AbstractAutowireCapableBeanFactory.populateBean(AbstractAutowireCapableBeanFactory.java:1231)
	at org.springframework.beans.factory.support.AbstractAutowireCapableBeanFactory.doCreateBean(AbstractAutowireCapableBeanFactory.java:543)
	at org.springframework.beans.factory.support.AbstractAutowireCapableBeanFactory.createBean(AbstractAutowireCapableBeanFactory.java:482)
	at org.springframework.beans.factory.support.AbstractBeanFactory$1.getObject(AbstractBeanFactory.java:306)
	at org.springframework.beans.factory.support.DefaultSingletonBeanRegistry.getSingleton(DefaultSingletonBeanRegistry.java:230)
	at org.springframework.beans.factory.support.AbstractBeanFactory.doGetBean(AbstractBeanFactory.java:302)
	at org.springframework.beans.factory.support.AbstractBeanFactory.getBean(AbstractBeanFactory.java:202)
	at org.springframework.aop.support.AbstractBeanFactoryPointcutAdvisor.getAdvice(AbstractBeanFactoryPointcutAdvisor.java:104)
	at org.springframework.aop.aspectj.AspectJProxyUtils.isAspectJAdvice(AspectJProxyUtils.java:67)
	at org.springframework.aop.aspectj.AspectJProxyUtils.makeAdvisorChainAspectJCapableIfNecessary(AspectJProxyUtils.java:49)
	at org.springframework.aop.aspectj.autoproxy.AspectJAwareAdvisorAutoProxyCreator.extendAdvisors(AspectJAwareAdvisorAutoProxyCreator.java:97)
	at org.springframework.aop.framework.autoproxy.AbstractAdvisorAutoProxyCreator.findEligibleAdvisors(AbstractAdvisorAutoProxyCreator.java:89)
	at org.springframework.aop.framework.autoproxy.AbstractAdvisorAutoProxyCreator.getAdvicesAndAdvisorsForBean(AbstractAdvisorAutoProxyCreator.java:69)
	at org.springframework.aop.framework.autoproxy.AbstractAutoProxyCreator.wrapIfNecessary(AbstractAutoProxyCreator.java:347)
	at org.springframework.aop.framework.autoproxy.AbstractAutoProxyCreator.postProcessAfterInitialization(AbstractAutoProxyCreator.java:299)
	at org.springframework.beans.factory.support.AbstractAutowireCapableBeanFactory.applyBeanPostProcessorsAfterInitialization(AbstractAutowireCapableBeanFactory.java:422)
	at org.springframework.beans.factory.support.AbstractAutowireCapableBeanFactory.initializeBean(AbstractAutowireCapableBeanFactory.java:1588)
	at org.springframework.beans.factory.support.AbstractAutowireCapableBeanFactory.doCreateBean(AbstractAutowireCapableBeanFactory.java:545)
	... 40 more
Caused by: org.springframework.beans.factory.BeanCreationException: Error creating bean with name &apos;transactionManager&apos; defined in class path resource [applicationContext.xml]: Cannot resolve reference to bean &apos;sessionFactory&apos; while setting bean property &apos;sessionFactory&apos;; nested exception is org.springframework.beans.factory.BeanCreationException: Error creating bean with name &apos;sessionFactory&apos; defined in class path resource [applicationContext.xml]: Invocation of init method failed; nested exception is java.lang.NoSuchMethodError: javax.persistence.JoinColumn.foreignKey()Ljavax/persistence/ForeignKey;
	at org.springframework.beans.factory.support.BeanDefinitionValueResolver.resolveReference(BeanDefinitionValueResolver.java:359)
	at org.springframework.beans.factory.support.BeanDefinitionValueResolver.resolveValueIfNecessary(BeanDefinitionValueResolver.java:108)
	at org.springframework.beans.factory.support.AbstractAutowireCapableBeanFactory.applyPropertyValues(AbstractAutowireCapableBeanFactory.java:1486)
	at org.springframework.beans.factory.support.AbstractAutowireCapableBeanFactory.populateBean(AbstractAutowireCapableBeanFactory.java:1231)
	at org.springframework.beans.factory.support.AbstractAutowireCapableBeanFactory.doCreateBean(AbstractAutowireCapableBeanFactory.java:543)
	at org.springframework.beans.factory.support.AbstractAutowireCapableBeanFactory.createBean(AbstractAutowireCapableBeanFactory.java:482)
	at org.springframework.beans.factory.support.AbstractBeanFactory$1.getObject(AbstractBeanFactory.java:306)
	at org.springframework.beans.factory.support.DefaultSingletonBeanRegistry.getSingleton(DefaultSingletonBeanRegistry.java:230)
	at org.springframework.beans.factory.support.AbstractBeanFactory.doGetBean(AbstractBeanFactory.java:302)
	at org.springframework.beans.factory.support.AbstractBeanFactory.getBean(AbstractBeanFactory.java:197)
	at org.springframework.beans.factory.support.BeanDefinitionValueResolver.resolveReference(BeanDefinitionValueResolver.java:351)
	... 60 more
Caused by: org.springframework.beans.factory.BeanCreationException: Error creating bean with name &apos;sessionFactory&apos; defined in class path resource [applicationContext.xml]: Invocation of init method failed; nested exception is java.lang.NoSuchMethodError: javax.persistence.JoinColumn.foreignKey()Ljavax/persistence/ForeignKey;
	at org.springframework.beans.factory.support.AbstractAutowireCapableBeanFactory.initializeBean(AbstractAutowireCapableBeanFactory.java:1583)
	at org.springframework.beans.factory.support.AbstractAutowireCapableBeanFactory.doCreateBean(AbstractAutowireCapableBeanFactory.java:545)
	at org.springframework.beans.factory.support.AbstractAutowireCapableBeanFactory.createBean(AbstractAutowireCapableBeanFactory.java:482)
	at org.springframework.beans.factory.support.AbstractBeanFactory$1.getObject(AbstractBeanFactory.java:306)
	at org.springframework.beans.factory.support.DefaultSingletonBeanRegistry.getSingleton(DefaultSingletonBeanRegistry.java:230)
	at org.springframework.beans.factory.support.AbstractBeanFactory.doGetBean(AbstractBeanFactory.java:302)
	at org.springframework.beans.factory.support.AbstractBeanFactory.getBean(AbstractBeanFactory.java:197)
	at org.springframework.beans.factory.support.BeanDefinitionValueResolver.resolveReference(BeanDefinitionValueResolver.java:351)
	... 70 more
Caused by: java.lang.NoSuchMethodError: javax.persistence.JoinColumn.foreignKey()Ljavax/persistence/ForeignKey;
	at org.hibernate.cfg.AnnotationBinder.bindManyToOne(AnnotationBinder.java:2898)
	at org.hibernate.cfg.AnnotationBinder.processElementAnnotations(AnnotationBinder.java:1742)
	at org.hibernate.cfg.AnnotationBinder.processIdPropertiesIfNotAlready(AnnotationBinder.java:906)
	at org.hibernate.cfg.AnnotationBinder.bindClass(AnnotationBinder.java:733)
	at org.hibernate.boot.model.source.internal.annotations.AnnotationMetadataSourceProcessorImpl.processEntityHierarchies(AnnotationMetadataSourceProcessorImpl.java:245)
	at org.hibernate.boot.model.process.spi.MetadataBuildingProcess$1.processEntityHierarchies(MetadataBuildingProcess.java:222)
	at org.hibernate.boot.model.process.spi.MetadataBuildingProcess.complete(MetadataBuildingProcess.java:265)
	at org.hibernate.boot.model.process.spi.MetadataBuildingProcess.build(MetadataBuildingProcess.java:83)
	at org.hibernate.boot.internal.MetadataBuilderImpl.build(MetadataBuilderImpl.java:418)
	at org.hibernate.boot.internal.MetadataBuilderImpl.build(MetadataBuilderImpl.java:87)
	at org.hibernate.cfg.Configuration.buildSessionFactory(Configuration.java:692)
	at org.hibernate.cfg.Configuration.buildSessionFactory(Configuration.java:724)
	at org.springframework.orm.hibernate5.LocalSessionFactoryBean.buildSessionFactory(LocalSessionFactoryBean.java:502)
	at org.springframework.orm.hibernate5.LocalSessionFactoryBean.afterPropertiesSet(LocalSessionFactoryBean.java:486)
	at org.springframework.beans.factory.support.AbstractAutowireCapableBeanFactory.invokeInitMethods(AbstractAutowireCapableBeanFactory.java:1642)
	at org.springframework.beans.factory.support.AbstractAutowireCapableBeanFactory.initializeBean(AbstractAutowireCapableBeanFactory.java:1579)
	... 77 more
</error>
    <system-err>���� 07, 2017 10:50:24 ���� org.springframework.context.support.ClassPathXmlApplicationContext prepareRefresh
��Ϣ: Refreshing org.springframework.context.support.ClassPathXmlApplicationContext@5902ca: startup date [Tue Mar 07 10:50:24 CST 2017]; root of context hierarchy
���� 07, 2017 10:50:24 ���� org.springframework.beans.factory.xml.XmlBeanDefinitionReader loadBeanDefinitions
��Ϣ: Loading XML bean definitions from class path resource [applicationContext.xml]
���� 07, 2017 10:50:25 ���� org.springframework.context.support.PropertySourcesPlaceholderConfigurer loadProperties
��Ϣ: Loading properties file from class path resource [jdbc.properties]
SLF4J: Failed to load class &quot;org.slf4j.impl.StaticLoggerBinder&quot;.
SLF4J: See http://www.slf4j.org/codes.html#StaticLoggerBinder for further details.
���� 07, 2017 10:50:25 ���� org.hibernate.Version logVersion
INFO: HHH000412: Hibernate Core {5.1.0.Final}
���� 07, 2017 10:50:25 ���� org.hibernate.cfg.Environment &lt;clinit&gt;
INFO: HHH000206: hibernate.properties not found
���� 07, 2017 10:50:25 ���� org.hibernate.cfg.Environment buildBytecodeProvider
INFO: HHH000021: Bytecode provider name : javassist
���� 07, 2017 10:50:25 ���� org.hibernate.annotations.common.reflection.java.JavaReflectionManager &lt;clinit&gt;
INFO: HCANN000001: Hibernate Commons Annotations {5.0.1.Final}
���� 07, 2017 10:50:26 ���� com.alibaba.druid.pool.DruidDataSource info
��Ϣ: {dataSource-1} inited
���� 07, 2017 10:50:26 ���� org.hibernate.dialect.Dialect &lt;init&gt;
INFO: HHH000400: Using dialect: org.hibernate.dialect.MySQL5Dialect
���� 07, 2017 10:50:26 ���� org.springframework.context.support.ClassPathXmlApplicationContext refresh
����: Exception encountered during context initialization - cancelling refresh attempt: org.springframework.beans.factory.BeanCreationException: Error creating bean with name &apos;brandServiceImpl&apos; defined in file [D:\Program Files (x86)\JetBrains\IdeaProjects\ParallerCar\target\classes\com\service\impl\BrandServiceImpl.class]: Initialization of bean failed; nested exception is org.springframework.beans.factory.BeanCreationException: Error creating bean with name &apos;txAdvice&apos;: Cannot resolve reference to bean &apos;transactionManager&apos; while setting bean property &apos;transactionManager&apos;; nested exception is org.springframework.beans.factory.BeanCreationException: Error creating bean with name &apos;transactionManager&apos; defined in class path resource [applicationContext.xml]: Cannot resolve reference to bean &apos;sessionFactory&apos; while setting bean property &apos;sessionFactory&apos;; nested exception is org.springframework.beans.factory.BeanCreationException: Error creating bean with name &apos;sessionFactory&apos; defined in class path resource [applicationContext.xml]: Invocation of init method failed; nested exception is java.lang.NoSuchMethodError: javax.persistence.JoinColumn.foreignKey()Ljavax/persistence/ForeignKey;
���� 07, 2017 10:50:26 ���� com.alibaba.druid.pool.DruidDataSource info
��Ϣ: {dataSource-1} closed
</system-err>
  </testcase>
</testsuite>